2025-09-04 20:01:36.818691 - Fake Smart Meter Honeypot listening on port 502...
2025-09-04 20:01:57.444383 - Fake Smart Meter Honeypot listening on port 502...
2025-09-04 20:05:00.888051 - Fake Smart Meter Honeypot listening on port 502...
2025-09-04 20:05:24.223047 - Fake EV Charger Honeypot listening on port 9000...
2025-09-04 20:09:47.707055 - Fake Smart Meter Honeypot listening on port 502...
2025-09-04 20:10:10.644257 - Fake EV Charger Honeypot listening on port 9000...
2025-09-04 20:23:28.543733 - Starting IEC104 Honeypot via c104 library on port 2404
2025-09-04 20:23:42.070048 - IEC104 Honeypot stopped
2025-09-04 20:24:08.346436 - Starting IEC104 Honeypot via c104 library on port 2404
2025-09-04 20:24:18.509594 - IEC104 Honeypot stopped
Thu Sep  4 09:05:28 PM CET 2025 - Starting modbus_honeypot.py...
Thu Sep  4 09:05:28 PM CET 2025 - Starting ocpp_honeypot.py...
Thu Sep  4 09:05:28 PM CET 2025 - Starting iec104_honeypot.py...
Thu Sep  4 09:05:28 PM CET 2025 - AMPDefend manager started (TEST_MODE=true)
2025-09-04 21:05:28.318301 - Fake Smart Meter Honeypot listening on port 502...
Traceback (most recent call last):
  File "/home/raspberrypi/ampdefend/iec104_honeypot.py", line 4, in <module>
    import c104
ModuleNotFoundError: No module named 'c104'
2025-09-04 21:05:28.410572 - Fake EV Charger Honeypot listening on port 9000...
Thu Sep  4 09:06:04 PM CET 2025 - Starting iec104_honeypot.py...
Thu Sep  4 09:06:04 PM CET 2025 - AMPDefend manager started (TEST_MODE=true)
Traceback (most recent call last):
  File "/home/raspberrypi/ampdefend/iec104_honeypot.py", line 4, in <module>
    import c104
ModuleNotFoundError: No module named 'c104'
2025-09-04 21:07:02.786099 - Starting IEC104 Honeypot via c104 library on port 2404
2025-09-04 21:07:09.401253 - IEC104 Honeypot stopped
2025-09-04 21:07:24.677043 - Fake EV Charger Honeypot listening on port 9000...
2025-09-04 21:07:46.160950 - Fake EV Charger Honeypot listening on port 9000...
2025-09-04 21:08:16.903130 - Fake Smart Meter Honeypot listening on port 502...
2025-09-04 21:08:30.752326 - Fake Smart Meter Honeypot listening on port 502...
2025-09-04 21:12:09.140703 - Fake EV Charger Honeypot listening on port 9000...
2025-09-04 21:13:01.253084 - Starting IEC104 Honeypot via c104 library on port 2404
2025-09-04 21:13:10.362612 - IEC104 Honeypot stopped
2025-09-04 21:13:20.847334 - Fake Smart Meter Honeypot listening on port 502...
2025-09-04 21:13:37.622235 - Fake Smart Meter Honeypot listening on port 502...
2025-09-04 21:14:19.265066 - Fake EV Charger Honeypot listening on port 9000...
2025-09-04 21:19:28.386209 - Starting IEC104 Honeypot via c104 library on port 2404
2025-09-04 21:19:35.244949 - IEC104 Honeypot stopped
2025-09-04 21:19:43.408215 - Fake EV Charger Honeypot listening on port 9000...
2025-09-04 21:20:47.221552 - Fake Smart Meter Honeypot listening on port 502...
